c:\users\razvan\desktop\watersproject2018-qt\tst\x64\debug\moc_qcustomplot.obj
c:\users\razvan\desktop\watersproject2018-qt\tst\x64\debug\processingunit.obj
c:\users\razvan\desktop\watersproject2018-qt\tst\x64\debug\main.obj
c:\users\razvan\desktop\watersproject2018-qt\tst\x64\debug\graph.obj
c:\users\razvan\desktop\watersproject2018-qt\tst\x64\debug\moc_mainwindow.obj
c:\users\razvan\desktop\watersproject2018-qt\tst\x64\debug\mainwindow.obj
c:\users\razvan\desktop\watersproject2018-qt\tst\x64\debug\qcustomplot.obj
c:\users\razvan\desktop\watersproject2018-qt\tst\x64\debug\generator.obj
c:\users\andra\desktop\tst - copy\x64\debug\moc_mainwindow.obj
c:\users\andra\desktop\tst - copy\x64\debug\mainwindow.obj
c:\users\andra\desktop\tst - copy\x64\debug\main.obj
c:\users\andra\desktop\tst - copy\x64\debug\moc_qcustomplot.obj
c:\users\andra\desktop\tst - copy\x64\debug\qcustomplot.obj
c:\users\andra\desktop\tst - copy\x64\debug\vc141.pdb
c:\users\razvan\desktop\watersproject2018-qt\tst\x64\debug\vc141.pdb
c:\users\pandrea\desktop\watersproject2018-bogdan\watersproject2018-bogdan\tst\x64\debug\graph.obj
c:\users\pandrea\desktop\watersproject2018-bogdan\watersproject2018-bogdan\tst\x64\debug\moc_mainwindow.obj
c:\users\pandrea\desktop\watersproject2018-bogdan\watersproject2018-bogdan\tst\x64\debug\processingunit.obj
c:\users\pandrea\desktop\watersproject2018-bogdan\watersproject2018-bogdan\tst\x64\debug\moc_qcustomplot.obj
c:\users\pandrea\desktop\watersproject2018-bogdan\watersproject2018-bogdan\tst\x64\debug\main.obj
c:\users\pandrea\desktop\watersproject2018-bogdan\watersproject2018-bogdan\tst\x64\debug\mainwindow.obj
c:\users\pandrea\desktop\watersproject2018-bogdan\watersproject2018-bogdan\tst\x64\debug\generator.obj
c:\users\pandrea\desktop\watersproject2018-bogdan\watersproject2018-bogdan\tst\x64\debug\qcustomplot.obj
c:\users\pandrea\desktop\watersproject2018-bogdan\watersproject2018-bogdan\tst\x64\debug\vc141.pdb
c:\users\razvan\desktop\watersproject2018-bogdan\tst\x64\debug\mainwindow.obj
c:\users\razvan\desktop\watersproject2018-bogdan\tst\x64\debug\graph.obj
c:\users\razvan\desktop\watersproject2018-bogdan\tst\x64\debug\moc_qcustomplot.obj
c:\users\razvan\desktop\watersproject2018-bogdan\tst\x64\debug\qcustomplot.obj
c:\users\razvan\desktop\watersproject2018-bogdan\tst\x64\debug\generator.obj
c:\users\razvan\desktop\watersproject2018-bogdan\tst\x64\debug\qrc_myresources.obj
c:\users\razvan\desktop\watersproject2018-bogdan\tst\x64\debug\main.obj
c:\users\razvan\desktop\watersproject2018-bogdan\tst\x64\debug\moc_mainwindow.obj
c:\users\razvan\desktop\watersproject2018-bogdan\tst\x64\debug\processingunit.obj
c:\users\razvan\desktop\watersproject2018-bogdan\tst\x64\debug\vc141.pdb
c:\users\andra\desktop\tst - copy\debug\moc_predefs.h
c:\users\razvan\desktop\watersproject2018-qt\tst\debug\moc_predefs.h
c:\users\pandrea\desktop\watersproject2018-bogdan\watersproject2018-bogdan\tst\debug\moc_predefs.h
c:\users\razvan\desktop\watersproject2018-bogdan\tst\debug\moc_predefs.h
c:\users\andra\desktop\tst - copy\debug\tst.exe
c:\users\andra\desktop\tst - copy\debug\tst.ilk
c:\users\andra\desktop\tst - copy\debug\tst.pdb
c:\users\razvan\desktop\watersproject2018-qt\tst\debug\tst.exe
c:\users\razvan\desktop\watersproject2018-qt\tst\debug\tst.ilk
c:\users\razvan\desktop\watersproject2018-qt\tst\debug\tst.pdb
c:\users\pandrea\desktop\watersproject2018-bogdan\watersproject2018-bogdan\tst\debug\tst.exe
c:\users\pandrea\desktop\watersproject2018-bogdan\watersproject2018-bogdan\tst\debug\tst.ilk
c:\users\pandrea\desktop\watersproject2018-bogdan\watersproject2018-bogdan\tst\debug\tst.pdb
c:\users\razvan\desktop\watersproject2018-bogdan\tst\debug\tst.ilk
c:\users\razvan\desktop\watersproject2018-bogdan\tst\debug\tst.exe
c:\users\razvan\desktop\watersproject2018-bogdan\tst\debug\tst.pdb
c:\users\andra\desktop\tst - copy\generatedfiles\debug\moc_mainwindow.cpp
c:\users\andra\desktop\tst - copy\generatedfiles\debug\moc_qcustomplot.cpp
c:\users\andra\desktop\tst - copy\generatedfiles\ui_mainwindow.h
c:\users\razvan\desktop\watersproject2018-qt\tst\generatedfiles\debug\moc_mainwindow.cpp
c:\users\razvan\desktop\watersproject2018-qt\tst\generatedfiles\debug\moc_qcustomplot.cpp
c:\users\razvan\desktop\watersproject2018-qt\tst\generatedfiles\ui_mainwindow.h
c:\users\pandrea\desktop\watersproject2018-bogdan\watersproject2018-bogdan\tst\generatedfiles\debug\moc_mainwindow.cpp
c:\users\pandrea\desktop\watersproject2018-bogdan\watersproject2018-bogdan\tst\generatedfiles\debug\moc_qcustomplot.cpp
c:\users\pandrea\desktop\watersproject2018-bogdan\watersproject2018-bogdan\tst\generatedfiles\ui_mainwindow.h
c:\users\razvan\desktop\watersproject2018-bogdan\tst\generatedfiles\debug\moc_mainwindow.cpp
c:\users\razvan\desktop\watersproject2018-bogdan\tst\generatedfiles\debug\moc_qcustomplot.cpp
c:\users\razvan\desktop\watersproject2018-bogdan\tst\generatedfiles\qrc_myresources.cpp
c:\users\razvan\desktop\watersproject2018-bogdan\tst\generatedfiles\ui_mainwindow.h
c:\users\razvan\desktop\watersproject2018-bogdan\tst\x64\debug\tst.tlog\cl.command.1.tlog
c:\users\razvan\desktop\watersproject2018-bogdan\tst\x64\debug\tst.tlog\cl.read.1.tlog
c:\users\razvan\desktop\watersproject2018-bogdan\tst\x64\debug\tst.tlog\cl.write.1.tlog
c:\users\razvan\desktop\watersproject2018-bogdan\tst\x64\debug\tst.tlog\custombuild.command.1.tlog
c:\users\razvan\desktop\watersproject2018-bogdan\tst\x64\debug\tst.tlog\custombuild.read.1.tlog
c:\users\razvan\desktop\watersproject2018-bogdan\tst\x64\debug\tst.tlog\custombuild.write.1.tlog
c:\users\razvan\desktop\watersproject2018-bogdan\tst\x64\debug\tst.tlog\link.command.1.tlog
c:\users\razvan\desktop\watersproject2018-bogdan\tst\x64\debug\tst.tlog\link.read.1.tlog
c:\users\razvan\desktop\watersproject2018-bogdan\tst\x64\debug\tst.tlog\link.write.1.tlog
c:\users\razvan\desktop\watersproject2018-bogdan\tst\x64\debug\tst.tlog\tst.write.1u.tlog
